<?xml version="1.0" encoding="UTF-8"?>
<!-- Generated by org.testng.reporters.JUnitReportReporter -->
<testsuite hostname="SMART-PC" name="com.TestMavenArchetype.FirstModule.Day2" tests="1" failures="0" timestamp="14 Feb 2017 09:21:41 GMT" time="23.521" errors="0">
  <testcase name="Day2Test" time="23.521" classname="com.TestMavenArchetype.FirstModule.Day2"/>
</testsuite> <!-- com.TestMavenArchetype.FirstModule.Day2 -->
