<?xml version="1.0" encoding="UTF-8"?>
<!-- Generated by org.testng.reporters.JUnitReportReporter -->
<testsuite hostname="SMART-PC" name="com.TestMavenArchetype.ArcheType.AppTest" tests="1" failures="0" timestamp="13 Feb 2017 13:13:35 GMT" time="0.085" errors="0">
  <testcase name="firstMavenTest" time="0.085" classname="com.TestMavenArchetype.ArcheType.AppTest"/>
</testsuite> <!-- com.TestMavenArchetype.ArcheType.AppTest -->
